生成启动时间为 2017/5/24 17:44:17。
     1>项目“F:\gltestProject\t1\bloom\bloom.vcxproj”在节点 2 上(Rebuild 个目标)。
     1>ClCompile:
         G:\Program Files (x86)\Microsoft Visual Studio 12.0\VC\bin\x86_amd64\CL.exe /c /Zi /nologo /W3 /WX- /sdl /Od /D WIN32 /D _DEBUG /D _CONSOLE /D _LIB /D _UNICODE /D UNICODE /Gm /EHsc /RTC1 /MDd /GS /fp:precise /Zc:wchar_t /Zc:forScope /Yc"stdafx.h" /Fp"x64\Debug\bloom.pch" /Fo"x64\Debug\\" /Fd"x64\Debug\vc120.pdb" /Gd /TP /errorReport:prompt stdafx.cpp
         stdafx.cpp
         G:\Program Files (x86)\Microsoft Visual Studio 12.0\VC\bin\x86_amd64\CL.exe /c /Zi /nologo /W3 /WX- /sdl /Od /D WIN32 /D _DEBUG /D _CONSOLE /D _LIB /D _UNICODE /D UNICODE /Gm /EHsc /RTC1 /MDd /GS /fp:precise /Zc:wchar_t /Zc:forScope /Yu"stdafx.h" /Fp"x64\Debug\bloom.pch" /Fo"x64\Debug\\" /Fd"x64\Debug\vc120.pdb" /Gd /TP /errorReport:prompt bloom.cpp
         bloom.cpp
     1>bloom.cpp(328): warning C4244: “=”: 从“double”转换到“GLfloat”，可能丢失数据
     1>bloom.cpp(329): warning C4244: “=”: 从“double”转换到“GLfloat”，可能丢失数据
     1>bloom.cpp(333): warning C4244: “初始化”: 从“double”转换到“GLfloat”，可能丢失数据
     1>bloom.cpp(334): warning C4244: “初始化”: 从“double”转换到“GLfloat”，可能丢失数据
     1>bloom.cpp(336): warning C4244: “=”: 从“double”转换到“GLfloat”，可能丢失数据
     1>bloom.cpp(337): warning C4244: “=”: 从“double”转换到“GLfloat”，可能丢失数据
     1>bloom.cpp(344): warning C4244: “参数”: 从“double”转换到“GLfloat”，可能丢失数据
       Link:
         G:\Program Files (x86)\Microsoft Visual Studio 12.0\VC\bin\x86_amd64\link.exe /ERRORREPORT:PROMPT /OUT:"F:\gltestProject\t1\x64\Debug\bloom.exe" /INCREMENTAL /NOLOGO kernel32.lib user32.lib gdi32.lib winspool.lib comdlg32.lib advapi32.lib shell32.lib ole32.lib oleaut32.lib uuid.lib odbc32.lib odbccp32.lib /MANIFEST /MANIFESTUAC:"level='asInvoker' uiAccess='false'" /manifest:embed /DEBUG /PDB:"F:\gltestProject\t1\x64\Debug\bloom.pdb" /SUBSYSTEM:CONSOLE /TLBID:1 /DYNAMICBASE /NXCOMPAT /IMPLIB:"F:\gltestProject\t1\x64\Debug\bloom.lib" /MACHINE:X64 x64\Debug\bloom.obj
         x64\Debug\stdafx.obj
     1>LINK : fatal error LNK1104: 无法打开文件“glfw3.lib”
     1>已完成生成项目“F:\gltestProject\t1\bloom\bloom.vcxproj”(Rebuild 个目标)的操作 - 失败。

生成失败。

已用时间 00:00:01.19
